<?xml version="1.0" encoding="UTF-8"?>
<!-- Generated by org.testng.reporters.JUnitReportReporter -->
<testsuite skipped="0" hostname="LAPTOP-KJ92LBRO" name="test.LoginTest" tests="1" failures="0" timestamp="28 Nov 2022 16:37:52 GMT" time="24.004" errors="0">
  <testcase name="validUserShouldBeAbleToLogin" time="24.004" classname="test.LoginTest"/>
</testsuite> <!-- test.LoginTest -->
