<?xml version="1.0" encoding="UTF-8"?>
<!-- Generated by org.testng.reporters.JUnitReportReporter -->
<testsuite skipped="0" hostname="LAPTOP-KJ92LBRO" name="util.BrowserFactory" tests="1" failures="0" timestamp="26 Nov 2022 05:18:10 GMT" time="4.645" errors="0">
  <testcase name="init" time="4.645" classname="util.BrowserFactory"/>
</testsuite> <!-- util.BrowserFactory -->
